1625074499428	geckodriver	INFO	Listening on 127.0.0.1:49939
1625074500345	mozrunner::runner	INFO	Running command: "/Applications/Firefox.app/Contents/MacOS/firefox-bin" "--marionette" "-foreground" "-no-remote" "-profile" "/var/folders/9p/nj28mzpd4510nq3hp9wjvxf80000gn/T/rust_mozprofileD9MzTh"
2021-06-30 12:35:06.296 firefox-bin[37768:14547234] Warning: Expected min height of view: (<NSButton: 0x12cccc400>) to be less than or equal to 30 but got a height of 32.000000. This error will be logged once per view in violation.
2021-06-30 12:35:06.297 firefox-bin[37768:14547234] Warning: Expected min height of view: (<NSButton: 0x139791800>) to be less than or equal to 30 but got a height of 32.000000. This error will be logged once per view in violation.
2021-06-30 12:35:06.297 firefox-bin[37768:14547234] Warning: Expected min height of view: (<NSButton: 0x139791c00>) to be less than or equal to 30 but got a height of 32.000000. This error will be logged once per view in violation.
2021-06-30 12:35:06.298 firefox-bin[37768:14547234] Warning: Expected min height of view: (<NSButton: 0x139794400>) to be less than or equal to 30 but got a height of 32.000000. This error will be logged once per view in violation.
2021-06-30 12:35:06.299 firefox-bin[37768:14547234] Warning: Expected min height of view: (<NSButton: 0x139793800>) to be less than or equal to 30 but got a height of 32.000000. This error will be logged once per view in violation.
2021-06-30 12:35:06.299 firefox-bin[37768:14547234] Warning: Expected min height of view: (<NSPopoverTouchBarItemButton: 0x139792800>) to be less than or equal to 30 but got a height of 32.000000. This error will be logged once per view in violation.
2021-06-30 12:35:06.300 firefox-bin[37768:14547234] Warning: Expected min height of view: (<NSPopoverTouchBarItemButton: 0x139aa3000>) to be less than or equal to 30 but got a height of 32.000000. This error will be logged once per view in violation.
console.warn: SearchSettings: "get: No settings file exists, new profile?" (new Error("", "(unknown module)"))
console.warn: SearchSettings: "get: No settings file exists, new profile?" (new Error("", "(unknown module)"))
1625074507783	Marionette	INFO	Listening on port 49950
1625074507906	Marionette	WARN	TLS certificate errors will be ignored for this session
1625074507919	Marionette	ERROR	[19] No reply from Marionette:Register
1625074514661	Marionette	INFO	Stopped listening on port 49950

###!!! [Parent][RunMessage] Error: Channel closing: too late to send/recv, messages will be lost

1625075725464	geckodriver	INFO	Listening on 127.0.0.1:50506
1625075725475	mozrunner::runner	INFO	Running command: "/Applications/Firefox.app/Contents/MacOS/firefox-bin" "--marionette" "-foreground" "-no-remote" "-profile" "/var/folders/9p/nj28mzpd4510nq3hp9wjvxf80000gn/T/rust_mozprofileevvRJt"
2021-06-30 12:55:31.550 firefox-bin[38117:14561047] Warning: Expected min height of view: (<NSButton: 0x13034d400>) to be less than or equal to 30 but got a height of 32.000000. This error will be logged once per view in violation.
2021-06-30 12:55:31.551 firefox-bin[38117:14561047] Warning: Expected min height of view: (<NSButton: 0x130351800>) to be less than or equal to 30 but got a height of 32.000000. This error will be logged once per view in violation.
2021-06-30 12:55:31.551 firefox-bin[38117:14561047] Warning: Expected min height of view: (<NSButton: 0x13034bc00>) to be less than or equal to 30 but got a height of 32.000000. This error will be logged once per view in violation.
2021-06-30 12:55:31.552 firefox-bin[38117:14561047] Warning: Expected min height of view: (<NSButton: 0x130351000>) to be less than or equal to 30 but got a height of 32.000000. This error will be logged once per view in violation.
2021-06-30 12:55:31.553 firefox-bin[38117:14561047] Warning: Expected min height of view: (<NSButton: 0x13034c800>) to be less than or equal to 30 but got a height of 32.000000. This error will be logged once per view in violation.
2021-06-30 12:55:31.553 firefox-bin[38117:14561047] Warning: Expected min height of view: (<NSPopoverTouchBarItemButton: 0x13034f800>) to be less than or equal to 30 but got a height of 32.000000. This error will be logged once per view in violation.
2021-06-30 12:55:31.554 firefox-bin[38117:14561047] Warning: Expected min height of view: (<NSPopoverTouchBarItemButton: 0x1306b4000>) to be less than or equal to 30 but got a height of 32.000000. This error will be logged once per view in violation.
console.warn: SearchSettings: "get: No settings file exists, new profile?" (new Error("", "(unknown module)"))
console.warn: SearchSettings: "get: No settings file exists, new profile?" (new Error("", "(unknown module)"))
1625075732961	Marionette	INFO	Listening on port 50515
1625075733048	Marionette	WARN	TLS certificate errors will be ignored for this session
1625075733061	Marionette	ERROR	[19] No reply from Marionette:Register
1625075757384	Marionette	ERROR	[35] No reply from Marionette:Register
1625075768897	Marionette	ERROR	[39] No reply from Marionette:Register
1625075811247	Marionette	ERROR	[41] No reply from Marionette:Register
1625075907181	Marionette	ERROR	[45] No reply from Marionette:Register
1625075966633	geckodriver	INFO	Listening on 127.0.0.1:50674
1625075967653	mozrunner::runner	INFO	Running command: "/Applications/Firefox.app/Contents/MacOS/firefox-bin" "--marionette" "-foreground" "-no-remote" "-profile" "/var/folders/9p/nj28mzpd4510nq3hp9wjvxf80000gn/T/rust_mozprofile8MKibn"
2021-06-30 12:59:29.361 firefox-bin[38184:14564670] Warning: Expected min height of view: (<NSButton: 0x1243a6400>) to be less than or equal to 30 but got a height of 32.000000. This error will be logged once per view in violation.
2021-06-30 12:59:29.362 firefox-bin[38184:14564670] Warning: Expected min height of view: (<NSButton: 0x12f51cc00>) to be less than or equal to 30 but got a height of 32.000000. This error will be logged once per view in violation.
2021-06-30 12:59:29.363 firefox-bin[38184:14564670] Warning: Expected min height of view: (<NSButton: 0x12f51b400>) to be less than or equal to 30 but got a height of 32.000000. This error will be logged once per view in violation.
2021-06-30 12:59:29.363 firefox-bin[38184:14564670] Warning: Expected min height of view: (<NSButton: 0x12f51d000>) to be less than or equal to 30 but got a height of 32.000000. This error will be logged once per view in violation.
2021-06-30 12:59:29.364 firefox-bin[38184:14564670] Warning: Expected min height of view: (<NSButton: 0x12f51d400>) to be less than or equal to 30 but got a height of 32.000000. This error will be logged once per view in violation.
2021-06-30 12:59:29.364 firefox-bin[38184:14564670] Warning: Expected min height of view: (<NSPopoverTouchBarItemButton: 0x12f521400>) to be less than or equal to 30 but got a height of 32.000000. This error will be logged once per view in violation.
2021-06-30 12:59:29.365 firefox-bin[38184:14564670] Warning: Expected min height of view: (<NSPopoverTouchBarItemButton: 0x12f79a800>) to be less than or equal to 30 but got a height of 32.000000. This error will be logged once per view in violation.
console.warn: SearchSettings: "get: No settings file exists, new profile?" (new Error("", "(unknown module)"))
1625075970039	Marionette	INFO	Stopped listening on port 50515

###!!! [Parent][RunMessage] Error: Channel closing: too late to send/recv, messages will be lost

console.warn: SearchSettings: "get: No settings file exists, new profile?" (new Error("", "(unknown module)"))
1625075970709	Marionette	INFO	Listening on port 50707
1625075970816	Marionette	WARN	TLS certificate errors will be ignored for this session
1625075970854	Marionette	ERROR	[19] No reply from Marionette:Register
1625075988779	geckodriver	INFO	Listening on 127.0.0.1:50793
1625075989795	mozrunner::runner	INFO	Running command: "/Applications/Firefox.app/Contents/MacOS/firefox-bin" "--marionette" "-foreground" "-no-remote" "-profile" "/var/folders/9p/nj28mzpd4510nq3hp9wjvxf80000gn/T/rust_mozprofileSq4F77"
1625075991667	Marionette	INFO	Stopped listening on port 50707
2021-06-30 12:59:51.818 firefox-bin[38198:14565331] Warning: Expected min height of view: (<NSButton: 0x131624800>) to be less than or equal to 30 but got a height of 32.000000. This error will be logged once per view in violation.
2021-06-30 12:59:51.819 firefox-bin[38198:14565331] Warning: Expected min height of view: (<NSButton: 0x131d61800>) to be less than or equal to 30 but got a height of 32.000000. This error will be logged once per view in violation.
2021-06-30 12:59:51.820 firefox-bin[38198:14565331] Warning: Expected min height of view: (<NSButton: 0x131d5c800>) to be less than or equal to 30 but got a height of 32.000000. This error will be logged once per view in violation.
2021-06-30 12:59:51.821 firefox-bin[38198:14565331] Warning: Expected min height of view: (<NSButton: 0x131d5f400>) to be less than or equal to 30 but got a height of 32.000000. This error will be logged once per view in violation.
2021-06-30 12:59:51.822 firefox-bin[38198:14565331] Warning: Expected min height of view: (<NSButton: 0x131d60000>) to be less than or equal to 30 but got a height of 32.000000. This error will be logged once per view in violation.
2021-06-30 12:59:51.823 firefox-bin[38198:14565331] Warning: Expected min height of view: (<NSPopoverTouchBarItemButton: 0x131d61c00>) to be less than or equal to 30 but got a height of 32.000000. This error will be logged once per view in violation.
2021-06-30 12:59:51.824 firefox-bin[38198:14565331] Warning: Expected min height of view: (<NSPopoverTouchBarItemButton: 0x131d66c00>) to be less than or equal to 30 but got a height of 32.000000. This error will be logged once per view in violation.

###!!! [Parent][RunMessage] Error: Channel closing: too late to send/recv, messages will be lost

console.warn: SearchSettings: "get: No settings file exists, new profile?" (new Error("", "(unknown module)"))
console.warn: SearchSettings: "get: No settings file exists, new profile?" (new Error("", "(unknown module)"))
1625075993239	Marionette	INFO	Listening on port 50804
1625075993322	Marionette	WARN	TLS certificate errors will be ignored for this session
1625075993333	Marionette	ERROR	[16] No reply from Marionette:Register
1625076000638	Marionette	INFO	Stopped listening on port 50804

###!!! [Parent][RunMessage] Error: Channel closing: too late to send/recv, messages will be lost

1625076036206	geckodriver	INFO	Listening on 127.0.0.1:50896
1625076037233	mozrunner::runner	INFO	Running command: "/Applications/Firefox.app/Contents/MacOS/firefox-bin" "--marionette" "-foreground" "-no-remote" "-profile" "/var/folders/9p/nj28mzpd4510nq3hp9wjvxf80000gn/T/rust_mozprofileYOfPOC"
2021-06-30 13:00:38.944 firefox-bin[38221:14566382] Warning: Expected min height of view: (<NSButton: 0x120d7a800>) to be less than or equal to 30 but got a height of 32.000000. This error will be logged once per view in violation.
2021-06-30 13:00:38.945 firefox-bin[38221:14566382] Warning: Expected min height of view: (<NSButton: 0x12d7f9000>) to be less than or equal to 30 but got a height of 32.000000. This error will be logged once per view in violation.
2021-06-30 13:00:38.945 firefox-bin[38221:14566382] Warning: Expected min height of view: (<NSButton: 0x12d7fd000>) to be less than or equal to 30 but got a height of 32.000000. This error will be logged once per view in violation.
2021-06-30 13:00:38.946 firefox-bin[38221:14566382] Warning: Expected min height of view: (<NSButton: 0x12d7fc000>) to be less than or equal to 30 but got a height of 32.000000. This error will be logged once per view in violation.
2021-06-30 13:00:38.947 firefox-bin[38221:14566382] Warning: Expected min height of view: (<NSButton: 0x12d7f9c00>) to be less than or equal to 30 but got a height of 32.000000. This error will be logged once per view in violation.
2021-06-30 13:00:38.947 firefox-bin[38221:14566382] Warning: Expected min height of view: (<NSPopoverTouchBarItemButton: 0x12d7fd800>) to be less than or equal to 30 but got a height of 32.000000. This error will be logged once per view in violation.
2021-06-30 13:00:38.948 firefox-bin[38221:14566382] Warning: Expected min height of view: (<NSPopoverTouchBarItemButton: 0x12dad1800>) to be less than or equal to 30 but got a height of 32.000000. This error will be logged once per view in violation.
console.warn: SearchSettings: "get: No settings file exists, new profile?" (new Error("", "(unknown module)"))
console.warn: SearchSettings: "get: No settings file exists, new profile?" (new Error("", "(unknown module)"))
1625076040119	Marionette	INFO	Listening on port 50907
1625076040234	Marionette	WARN	TLS certificate errors will be ignored for this session
1625076040243	Marionette	ERROR	[19] No reply from Marionette:Register
1625076046657	Marionette	INFO	Stopped listening on port 50907

###!!! [Parent][RunMessage] Error: Channel closing: too late to send/recv, messages will be lost

1625076444452	geckodriver	INFO	Listening on 127.0.0.1:51129
1625076445480	mozrunner::runner	INFO	Running command: "/Applications/Firefox.app/Contents/MacOS/firefox-bin" "--marionette" "-foreground" "-no-remote" "-profile" "/var/folders/9p/nj28mzpd4510nq3hp9wjvxf80000gn/T/rust_mozprofileKkSpge"
2021-06-30 13:07:27.581 firefox-bin[38311:14571060] Warning: Expected min height of view: (<NSButton: 0x139c64c00>) to be less than or equal to 30 but got a height of 32.000000. This error will be logged once per view in violation.
2021-06-30 13:07:27.582 firefox-bin[38311:14571060] Warning: Expected min height of view: (<NSButton: 0x139c6d000>) to be less than or equal to 30 but got a height of 32.000000. This error will be logged once per view in violation.
2021-06-30 13:07:27.583 firefox-bin[38311:14571060] Warning: Expected min height of view: (<NSButton: 0x1383e2400>) to be less than or equal to 30 but got a height of 32.000000. This error will be logged once per view in violation.
2021-06-30 13:07:27.583 firefox-bin[38311:14571060] Warning: Expected min height of view: (<NSButton: 0x139c68c00>) to be less than or equal to 30 but got a height of 32.000000. This error will be logged once per view in violation.
2021-06-30 13:07:27.584 firefox-bin[38311:14571060] Warning: Expected min height of view: (<NSButton: 0x139c67400>) to be less than or equal to 30 but got a height of 32.000000. This error will be logged once per view in violation.
2021-06-30 13:07:27.584 firefox-bin[38311:14571060] Warning: Expected min height of view: (<NSPopoverTouchBarItemButton: 0x139c6b800>) to be less than or equal to 30 but got a height of 32.000000. This error will be logged once per view in violation.
2021-06-30 13:07:27.585 firefox-bin[38311:14571060] Warning: Expected min height of view: (<NSPopoverTouchBarItemButton: 0x139e8e000>) to be less than or equal to 30 but got a height of 32.000000. This error will be logged once per view in violation.
console.warn: SearchSettings: "get: No settings file exists, new profile?" (new Error("", "(unknown module)"))
console.warn: SearchSettings: "get: No settings file exists, new profile?" (new Error("", "(unknown module)"))
1625076448895	Marionette	INFO	Listening on port 51140
1625076448937	Marionette	WARN	TLS certificate errors will be ignored for this session
1625076448953	Marionette	ERROR	[19] No reply from Marionette:Register
1625076479336	geckodriver	INFO	Listening on 127.0.0.1:51232
1625076480351	mozrunner::runner	INFO	Running command: "/Applications/Firefox.app/Contents/MacOS/firefox-bin" "--marionette" "-foreground" "-no-remote" "-profile" "/var/folders/9p/nj28mzpd4510nq3hp9wjvxf80000gn/T/rust_mozprofilehl4gPI"
2021-06-30 13:08:02.113 firefox-bin[38333:14572086] Warning: Expected min height of view: (<NSButton: 0x12f127000>) to be less than or equal to 30 but got a height of 32.000000. This error will be logged once per view in violation.
2021-06-30 13:08:02.114 firefox-bin[38333:14572086] Warning: Expected min height of view: (<NSButton: 0x12f858000>) to be less than or equal to 30 but got a height of 32.000000. This error will be logged once per view in violation.
2021-06-30 13:08:02.114 firefox-bin[38333:14572086] Warning: Expected min height of view: (<NSButton: 0x12f853400>) to be less than or equal to 30 but got a height of 32.000000. This error will be logged once per view in violation.
2021-06-30 13:08:02.115 firefox-bin[38333:14572086] Warning: Expected min height of view: (<NSButton: 0x12f855400>) to be less than or equal to 30 but got a height of 32.000000. This error will be logged once per view in violation.
2021-06-30 13:08:02.116 firefox-bin[38333:14572086] Warning: Expected min height of view: (<NSButton: 0x12f854000>) to be less than or equal to 30 but got a height of 32.000000. This error will be logged once per view in violation.
2021-06-30 13:08:02.117 firefox-bin[38333:14572086] Warning: Expected min height of view: (<NSPopoverTouchBarItemButton: 0x12f859000>) to be less than or equal to 30 but got a height of 32.000000. This error will be logged once per view in violation.
2021-06-30 13:08:02.118 firefox-bin[38333:14572086] Warning: Expected min height of view: (<NSPopoverTouchBarItemButton: 0x12f861800>) to be less than or equal to 30 but got a height of 32.000000. This error will be logged once per view in violation.
console.warn: SearchSettings: "get: No settings file exists, new profile?" (new Error("", "(unknown module)"))
console.warn: SearchSettings: "get: No settings file exists, new profile?" (new Error("", "(unknown module)"))
1625076483332	Marionette	INFO	Listening on port 51243
1625076483362	Marionette	WARN	TLS certificate errors will be ignored for this session
1625076483375	Marionette	ERROR	[16] No reply from Marionette:Register
1625076489533	Marionette	INFO	Stopped listening on port 51243

###!!! [Parent][RunMessage] Error: Channel closing: too late to send/recv, messages will be lost

1625076614332	geckodriver	INFO	Listening on 127.0.0.1:51376
1625076615347	mozrunner::runner	INFO	Running command: "/Applications/Firefox.app/Contents/MacOS/firefox-bin" "--marionette" "-foreground" "-no-remote" "-profile" "/var/folders/9p/nj28mzpd4510nq3hp9wjvxf80000gn/T/rust_mozprofilesQKSn3"
2021-06-30 13:10:17.282 firefox-bin[38392:14574498] Warning: Expected min height of view: (<NSButton: 0x130d0d400>) to be less than or equal to 30 but got a height of 32.000000. This error will be logged once per view in violation.
2021-06-30 13:10:17.282 firefox-bin[38392:14574498] Warning: Expected min height of view: (<NSButton: 0x130d0c000>) to be less than or equal to 30 but got a height of 32.000000. This error will be logged once per view in violation.
2021-06-30 13:10:17.283 firefox-bin[38392:14574498] Warning: Expected min height of view: (<NSButton: 0x130e69c00>) to be less than or equal to 30 but got a height of 32.000000. This error will be logged once per view in violation.
2021-06-30 13:10:17.284 firefox-bin[38392:14574498] Warning: Expected min height of view: (<NSButton: 0x130e68400>) to be less than or equal to 30 but got a height of 32.000000. This error will be logged once per view in violation.
2021-06-30 13:10:17.285 firefox-bin[38392:14574498] Warning: Expected min height of view: (<NSButton: 0x130e6a000>) to be less than or equal to 30 but got a height of 32.000000. This error will be logged once per view in violation.
2021-06-30 13:10:17.285 firefox-bin[38392:14574498] Warning: Expected min height of view: (<NSPopoverTouchBarItemButton: 0x130e6ac00>) to be less than or equal to 30 but got a height of 32.000000. This error will be logged once per view in violation.
2021-06-30 13:10:17.286 firefox-bin[38392:14574498] Warning: Expected min height of view: (<NSPopoverTouchBarItemButton: 0x130e71400>) to be less than or equal to 30 but got a height of 32.000000. This error will be logged once per view in violation.
console.warn: SearchSettings: "get: No settings file exists, new profile?" (new Error("", "(unknown module)"))
console.warn: SearchSettings: "get: No settings file exists, new profile?" (new Error("", "(unknown module)"))
1625076618458	Marionette	INFO	Listening on port 51387
1625076618560	Marionette	WARN	TLS certificate errors will be ignored for this session
1625076618570	Marionette	ERROR	[19] No reply from Marionette:Register
1625076632855	geckodriver	INFO	Listening on 127.0.0.1:51475
1625076633872	mozrunner::runner	INFO	Running command: "/Applications/Firefox.app/Contents/MacOS/firefox-bin" "--marionette" "-foreground" "-no-remote" "-profile" "/var/folders/9p/nj28mzpd4510nq3hp9wjvxf80000gn/T/rust_mozprofilefGwFI2"
2021-06-30 13:10:35.609 firefox-bin[38409:14575127] Warning: Expected min height of view: (<NSButton: 0x13349b000>) to be less than or equal to 30 but got a height of 32.000000. This error will be logged once per view in violation.
2021-06-30 13:10:35.610 firefox-bin[38409:14575127] Warning: Expected min height of view: (<NSButton: 0x133e34400>) to be less than or equal to 30 but got a height of 32.000000. This error will be logged once per view in violation.
2021-06-30 13:10:35.610 firefox-bin[38409:14575127] Warning: Expected min height of view: (<NSButton: 0x133e38000>) to be less than or equal to 30 but got a height of 32.000000. This error will be logged once per view in violation.
2021-06-30 13:10:35.611 firefox-bin[38409:14575127] Warning: Expected min height of view: (<NSButton: 0x133e34800>) to be less than or equal to 30 but got a height of 32.000000. This error will be logged once per view in violation.
2021-06-30 13:10:35.612 firefox-bin[38409:14575127] Warning: Expected min height of view: (<NSButton: 0x133e37000>) to be less than or equal to 30 but got a height of 32.000000. This error will be logged once per view in violation.
2021-06-30 13:10:35.613 firefox-bin[38409:14575127] Warning: Expected min height of view: (<NSPopoverTouchBarItemButton: 0x133e3a800>) to be less than or equal to 30 but got a height of 32.000000. This error will be logged once per view in violation.
2021-06-30 13:10:35.614 firefox-bin[38409:14575127] Warning: Expected min height of view: (<NSPopoverTouchBarItemButton: 0x134044400>) to be less than or equal to 30 but got a height of 32.000000. This error will be logged once per view in violation.
console.warn: SearchSettings: "get: No settings file exists, new profile?" (new Error("", "(unknown module)"))
console.warn: SearchSettings: "get: No settings file exists, new profile?" (new Error("", "(unknown module)"))
1625076636878	Marionette	INFO	Listening on port 51486
1625076636978	Marionette	WARN	TLS certificate errors will be ignored for this session
1625076636988	Marionette	ERROR	[19] No reply from Marionette:Register
1625076670212	geckodriver	INFO	Listening on 127.0.0.1:51575
1625076671228	mozrunner::runner	INFO	Running command: "/Applications/Firefox.app/Contents/MacOS/firefox-bin" "--marionette" "-foreground" "-no-remote" "-profile" "/var/folders/9p/nj28mzpd4510nq3hp9wjvxf80000gn/T/rust_mozprofileFgsSsn"
2021-06-30 13:11:13.028 firefox-bin[38433:14575966] Warning: Expected min height of view: (<NSButton: 0x133cebc00>) to be less than or equal to 30 but got a height of 32.000000. This error will be logged once per view in violation.
2021-06-30 13:11:13.028 firefox-bin[38433:14575966] Warning: Expected min height of view: (<NSButton: 0x133cf9000>) to be less than or equal to 30 but got a height of 32.000000. This error will be logged once per view in violation.
2021-06-30 13:11:13.029 firefox-bin[38433:14575966] Warning: Expected min height of view: (<NSButton: 0x133cf7400>) to be less than or equal to 30 but got a height of 32.000000. This error will be logged once per view in violation.
2021-06-30 13:11:13.029 firefox-bin[38433:14575966] Warning: Expected min height of view: (<NSButton: 0x133cf8800>) to be less than or equal to 30 but got a height of 32.000000. This error will be logged once per view in violation.
2021-06-30 13:11:13.030 firefox-bin[38433:14575966] Warning: Expected min height of view: (<NSButton: 0x133cf2800>) to be less than or equal to 30 but got a height of 32.000000. This error will be logged once per view in violation.
2021-06-30 13:11:13.031 firefox-bin[38433:14575966] Warning: Expected min height of view: (<NSPopoverTouchBarItemButton: 0x133cf6c00>) to be less than or equal to 30 but got a height of 32.000000. This error will be logged once per view in violation.
2021-06-30 13:11:13.031 firefox-bin[38433:14575966] Warning: Expected min height of view: (<NSPopoverTouchBarItemButton: 0x133fd5000>) to be less than or equal to 30 but got a height of 32.000000. This error will be logged once per view in violation.
console.warn: SearchSettings: "get: No settings file exists, new profile?" (new Error("", "(unknown module)"))
console.warn: SearchSettings: "get: No settings file exists, new profile?" (new Error("", "(unknown module)"))
1625076674536	Marionette	INFO	Listening on port 51586
1625076674566	Marionette	WARN	TLS certificate errors will be ignored for this session
1625076674577	Marionette	ERROR	[19] No reply from Marionette:Register
1625076680784	Marionette	INFO	Stopped listening on port 51586

###!!! [Parent][RunMessage] Error: Channel closing: too late to send/recv, messages will be lost

1625076704431	geckodriver	INFO	Listening on 127.0.0.1:51700
1625076705448	mozrunner::runner	INFO	Running command: "/Applications/Firefox.app/Contents/MacOS/firefox-bin" "--marionette" "-foreground" "-no-remote" "-profile" "/var/folders/9p/nj28mzpd4510nq3hp9wjvxf80000gn/T/rust_mozprofilejO2zyU"
2021-06-30 13:11:47.300 firefox-bin[38450:14576838] Warning: Expected min height of view: (<NSButton: 0x12f480c00>) to be less than or equal to 30 but got a height of 32.000000. This error will be logged once per view in violation.
2021-06-30 13:11:47.301 firefox-bin[38450:14576838] Warning: Expected min height of view: (<NSButton: 0x12f47e800>) to be less than or equal to 30 but got a height of 32.000000. This error will be logged once per view in violation.
2021-06-30 13:11:47.301 firefox-bin[38450:14576838] Warning: Expected min height of view: (<NSButton: 0x12f47ec00>) to be less than or equal to 30 but got a height of 32.000000. This error will be logged once per view in violation.
2021-06-30 13:11:47.302 firefox-bin[38450:14576838] Warning: Expected min height of view: (<NSButton: 0x12f482800>) to be less than or equal to 30 but got a height of 32.000000. This error will be logged once per view in violation.
2021-06-30 13:11:47.303 firefox-bin[38450:14576838] Warning: Expected min height of view: (<NSButton: 0x12f483000>) to be less than or equal to 30 but got a height of 32.000000. This error will be logged once per view in violation.
2021-06-30 13:11:47.303 firefox-bin[38450:14576838] Warning: Expected min height of view: (<NSPopoverTouchBarItemButton: 0x12f488c00>) to be less than or equal to 30 but got a height of 32.000000. This error will be logged once per view in violation.
2021-06-30 13:11:47.304 firefox-bin[38450:14576838] Warning: Expected min height of view: (<NSPopoverTouchBarItemButton: 0x12f770000>) to be less than or equal to 30 but got a height of 32.000000. This error will be logged once per view in violation.
console.warn: SearchSettings: "get: No settings file exists, new profile?" (new Error("", "(unknown module)"))
console.warn: SearchSettings: "get: No settings file exists, new profile?" (new Error("", "(unknown module)"))
1625076708372	Marionette	INFO	Listening on port 51711
1625076708457	Marionette	WARN	TLS certificate errors will be ignored for this session
1625076708470	Marionette	ERROR	[19] No reply from Marionette:Register
1625076715405	Marionette	INFO	Stopped listening on port 51711

###!!! [Parent][RunMessage] Error: Channel closing: too late to send/recv, messages will be lost

console.log: WebExtensions: reset-default-search: starting.
console.log: WebExtensions: reset-default-search: No addons in our list are installed.
console.log: WebExtensions: reset-default-search: starting.
console.log: WebExtensions: reset-default-search: No addons in our list are installed.
console.log: WebExtensions: reset-default-search: starting.
console.log: WebExtensions: reset-default-search: No addons in our list are installed.
1625077314813	geckodriver	INFO	Listening on 127.0.0.1:51953
1625077314825	mozrunner::runner	INFO	Running command: "/Applications/Firefox.app/Contents/MacOS/firefox-bin" "--marionette" "-foreground" "-no-remote" "-profile" "/var/folders/9p/nj28mzpd4510nq3hp9wjvxf80000gn/T/rust_mozprofileGPCsF7"
2021-06-30 13:21:56.658 firefox-bin[38597:14583064] Warning: Expected min height of view: (<NSButton: 0x129f79400>) to be less than or equal to 30 but got a height of 32.000000. This error will be logged once per view in violation.
2021-06-30 13:21:56.659 firefox-bin[38597:14583064] Warning: Expected min height of view: (<NSButton: 0x134c52400>) to be less than or equal to 30 but got a height of 32.000000. This error will be logged once per view in violation.
2021-06-30 13:21:56.659 firefox-bin[38597:14583064] Warning: Expected min height of view: (<NSButton: 0x134c58800>) to be less than or equal to 30 but got a height of 32.000000. This error will be logged once per view in violation.
2021-06-30 13:21:56.660 firefox-bin[38597:14583064] Warning: Expected min height of view: (<NSButton: 0x134c54400>) to be less than or equal to 30 but got a height of 32.000000. This error will be logged once per view in violation.
2021-06-30 13:21:56.660 firefox-bin[38597:14583064] Warning: Expected min height of view: (<NSButton: 0x134c56800>) to be less than or equal to 30 but got a height of 32.000000. This error will be logged once per view in violation.
2021-06-30 13:21:56.661 firefox-bin[38597:14583064] Warning: Expected min height of view: (<NSPopoverTouchBarItemButton: 0x134c52800>) to be less than or equal to 30 but got a height of 32.000000. This error will be logged once per view in violation.
2021-06-30 13:21:56.662 firefox-bin[38597:14583064] Warning: Expected min height of view: (<NSPopoverTouchBarItemButton: 0x134c5b400>) to be less than or equal to 30 but got a height of 32.000000. This error will be logged once per view in violation.
console.warn: SearchSettings: "get: No settings file exists, new profile?" (new Error("", "(unknown module)"))
console.warn: SearchSettings: "get: No settings file exists, new profile?" (new Error("", "(unknown module)"))
1625077317858	Marionette	INFO	Listening on port 51962
1625077317952	Marionette	WARN	TLS certificate errors will be ignored for this session
1625077317962	Marionette	ERROR	[16] No reply from Marionette:Register
1625077319855	Marionette	INFO	Stopped listening on port 51140

###!!! [Parent][RunMessage] Error: Channel closing: too late to send/recv, messages will be lost

1625077321369	Marionette	INFO	Stopped listening on port 51387

###!!! [Parent][RunMessage] Error: Channel closing: too late to send/recv, messages will be lost

1625077324260	Marionette	INFO	Stopped listening on port 51486
1625077324662	Marionette	INFO	Stopped listening on port 51962

###!!! [Parent][RunMessage] Error: Channel closing: too late to send/recv, messages will be lost

1625077377516	geckodriver	INFO	Listening on 127.0.0.1:52060
1625077378533	mozrunner::runner	INFO	Running command: "/Applications/Firefox.app/Contents/MacOS/firefox-bin" "--marionette" "-foreground" "-no-remote" "-profile" "/var/folders/9p/nj28mzpd4510nq3hp9wjvxf80000gn/T/rust_mozprofileA1HDZR"
2021-06-30 13:23:00.523 firefox-bin[38635:14584620] Warning: Expected min height of view: (<NSButton: 0x133509400>) to be less than or equal to 30 but got a height of 32.000000. This error will be logged once per view in violation.
2021-06-30 13:23:00.524 firefox-bin[38635:14584620] Warning: Expected min height of view: (<NSButton: 0x133504800>) to be less than or equal to 30 but got a height of 32.000000. This error will be logged once per view in violation.
2021-06-30 13:23:00.524 firefox-bin[38635:14584620] Warning: Expected min height of view: (<NSButton: 0x133505800>) to be less than or equal to 30 but got a height of 32.000000. This error will be logged once per view in violation.
2021-06-30 13:23:00.525 firefox-bin[38635:14584620] Warning: Expected min height of view: (<NSButton: 0x133511400>) to be less than or equal to 30 but got a height of 32.000000. This error will be logged once per view in violation.
2021-06-30 13:23:00.525 firefox-bin[38635:14584620] Warning: Expected min height of view: (<NSButton: 0x13350bc00>) to be less than or equal to 30 but got a height of 32.000000. This error will be logged once per view in violation.
2021-06-30 13:23:00.526 firefox-bin[38635:14584620] Warning: Expected min height of view: (<NSPopoverTouchBarItemButton: 0x13350e800>) to be less than or equal to 30 but got a height of 32.000000. This error will be logged once per view in violation.
2021-06-30 13:23:00.526 firefox-bin[38635:14584620] Warning: Expected min height of view: (<NSPopoverTouchBarItemButton: 0x133733400>) to be less than or equal to 30 but got a height of 32.000000. This error will be logged once per view in violation.
console.warn: SearchSettings: "get: No settings file exists, new profile?" (new Error("", "(unknown module)"))
console.warn: SearchSettings: "get: No settings file exists, new profile?" (new Error("", "(unknown module)"))
1625077381702	Marionette	INFO	Listening on port 52071
1625077381758	Marionette	WARN	TLS certificate errors will be ignored for this session
1625077381770	Marionette	ERROR	[19] No reply from Marionette:Register
1625077493312	geckodriver	INFO	Listening on 127.0.0.1:52184
1625077494336	mozrunner::runner	INFO	Running command: "/Applications/Firefox.app/Contents/MacOS/firefox-bin" "--marionette" "-foreground" "-no-remote" "-profile" "/var/folders/9p/nj28mzpd4510nq3hp9wjvxf80000gn/T/rust_mozprofileNLhuE2"
2021-06-30 13:24:56.014 firefox-bin[38660:14586052] Warning: Expected min height of view: (<NSButton: 0x138566800>) to be less than or equal to 30 but got a height of 32.000000. This error will be logged once per view in violation.
2021-06-30 13:24:56.015 firefox-bin[38660:14586052] Warning: Expected min height of view: (<NSButton: 0x138564000>) to be less than or equal to 30 but got a height of 32.000000. This error will be logged once per view in violation.
2021-06-30 13:24:56.016 firefox-bin[38660:14586052] Warning: Expected min height of view: (<NSButton: 0x138565000>) to be less than or equal to 30 but got a height of 32.000000. This error will be logged once per view in violation.
2021-06-30 13:24:56.017 firefox-bin[38660:14586052] Warning: Expected min height of view: (<NSButton: 0x138566400>) to be less than or equal to 30 but got a height of 32.000000. This error will be logged once per view in violation.
2021-06-30 13:24:56.018 firefox-bin[38660:14586052] Warning: Expected min height of view: (<NSButton: 0x138565400>) to be less than or equal to 30 but got a height of 32.000000. This error will be logged once per view in violation.
2021-06-30 13:24:56.019 firefox-bin[38660:14586052] Warning: Expected min height of view: (<NSPopoverTouchBarItemButton: 0x138567c00>) to be less than or equal to 30 but got a height of 32.000000. This error will be logged once per view in violation.
2021-06-30 13:24:56.020 firefox-bin[38660:14586052] Warning: Expected min height of view: (<NSPopoverTouchBarItemButton: 0x138570400>) to be less than or equal to 30 but got a height of 32.000000. This error will be logged once per view in violation.
console.warn: SearchSettings: "get: No settings file exists, new profile?" (new Error("", "(unknown module)"))
console.warn: SearchSettings: "get: No settings file exists, new profile?" (new Error("", "(unknown module)"))
1625077497302	Marionette	INFO	Listening on port 52195
1625077497339	Marionette	WARN	TLS certificate errors will be ignored for this session
1625077497354	Marionette	ERROR	[16] No reply from Marionette:Register
1625077503680	Marionette	INFO	Stopped listening on port 52195

###!!! [Parent][RunMessage] Error: Channel closing: too late to send/recv, messages will be lost

1625077653461	geckodriver	INFO	Listening on 127.0.0.1:52330
1625077654486	mozrunner::runner	INFO	Running command: "/Applications/Firefox.app/Contents/MacOS/firefox-bin" "--marionette" "-foreground" "-no-remote" "-profile" "/var/folders/9p/nj28mzpd4510nq3hp9wjvxf80000gn/T/rust_mozprofileNgFuG3"
2021-06-30 13:27:36.317 firefox-bin[38720:14588521] Warning: Expected min height of view: (<NSButton: 0x12604c800>) to be less than or equal to 30 but got a height of 32.000000. This error will be logged once per view in violation.
2021-06-30 13:27:36.317 firefox-bin[38720:14588521] Warning: Expected min height of view: (<NSButton: 0x13118ec00>) to be less than or equal to 30 but got a height of 32.000000. This error will be logged once per view in violation.
2021-06-30 13:27:36.318 firefox-bin[38720:14588521] Warning: Expected min height of view: (<NSButton: 0x131190800>) to be less than or equal to 30 but got a height of 32.000000. This error will be logged once per view in violation.
2021-06-30 13:27:36.318 firefox-bin[38720:14588521] Warning: Expected min height of view: (<NSButton: 0x131194c00>) to be less than or equal to 30 but got a height of 32.000000. This error will be logged once per view in violation.
2021-06-30 13:27:36.319 firefox-bin[38720:14588521] Warning: Expected min height of view: (<NSButton: 0x131191000>) to be less than or equal to 30 but got a height of 32.000000. This error will be logged once per view in violation.
2021-06-30 13:27:36.319 firefox-bin[38720:14588521] Warning: Expected min height of view: (<NSPopoverTouchBarItemButton: 0x131195000>) to be less than or equal to 30 but got a height of 32.000000. This error will be logged once per view in violation.
2021-06-30 13:27:36.320 firefox-bin[38720:14588521] Warning: Expected min height of view: (<NSPopoverTouchBarItemButton: 0x13149ac00>) to be less than or equal to 30 but got a height of 32.000000. This error will be logged once per view in violation.
console.warn: SearchSettings: "get: No settings file exists, new profile?" (new Error("", "(unknown module)"))
console.warn: SearchSettings: "get: No settings file exists, new profile?" (new Error("", "(unknown module)"))
1625077657553	Marionette	INFO	Listening on port 52341
1625077657619	Marionette	WARN	TLS certificate errors will be ignored for this session
1625077657629	Marionette	ERROR	[19] No reply from Marionette:Register
1625077658294	Marionette	INFO	Stopped listening on port 52071

###!!! [Parent][RunMessage] Error: Channel closing: too late to send/recv, messages will be lost

1625077664029	Marionette	INFO	Stopped listening on port 52341

###!!! [Parent][RunMessage] Error: Channel closing: too late to send/recv, messages will be lost

